mode: set
github.com/shanemhansen/ballclock/clock.go:32.51,35.42 3 1
github.com/shanemhansen/ballclock/clock.go:38.2,40.43 3 1
github.com/shanemhansen/ballclock/clock.go:44.2,44.35 1 1
github.com/shanemhansen/ballclock/clock.go:47.2,47.22 1 1
github.com/shanemhansen/ballclock/clock.go:35.42,37.3 1 1
github.com/shanemhansen/ballclock/clock.go:40.43,43.3 2 1
github.com/shanemhansen/ballclock/clock.go:44.35,46.3 1 0
github.com/shanemhansen/ballclock/clock.go:53.37,56.37 3 1
github.com/shanemhansen/ballclock/clock.go:59.2,59.24 1 1
github.com/shanemhansen/ballclock/clock.go:56.37,58.3 1 1
github.com/shanemhansen/ballclock/clock.go:63.49,65.2 1 1
github.com/shanemhansen/ballclock/clock.go:68.42,69.48 1 1
github.com/shanemhansen/ballclock/clock.go:72.2,72.46 1 1
github.com/shanemhansen/ballclock/clock.go:77.2,77.13 1 1
github.com/shanemhansen/ballclock/clock.go:69.48,71.3 1 1
github.com/shanemhansen/ballclock/clock.go:72.46,73.32 1 1
github.com/shanemhansen/ballclock/clock.go:73.32,75.4 1 1
github.com/shanemhansen/ballclock/clock.go:82.31,88.6 4 1
github.com/shanemhansen/ballclock/clock.go:120.2,120.29 1 0
github.com/shanemhansen/ballclock/clock.go:88.6,89.36 1 1
github.com/shanemhansen/ballclock/clock.go:94.3,97.27 2 1
github.com/shanemhansen/ballclock/clock.go:108.3,108.25 1 1
github.com/shanemhansen/ballclock/clock.go:118.3,118.15 1 1
github.com/shanemhansen/ballclock/clock.go:89.36,93.4 2 1
github.com/shanemhansen/ballclock/clock.go:97.27,98.16 1 1
github.com/shanemhansen/ballclock/clock.go:98.16,102.5 2 1
github.com/shanemhansen/ballclock/clock.go:108.25,110.19 2 1
github.com/shanemhansen/ballclock/clock.go:113.4,114.14 2 1
github.com/shanemhansen/ballclock/clock.go:110.19,112.5 1 0
github.com/shanemhansen/ballclock/clock2.go:9.60,13.25 4 1
github.com/shanemhansen/ballclock/clock2.go:17.2,17.10 1 1
github.com/shanemhansen/ballclock/clock2.go:13.25,16.3 2 1
github.com/shanemhansen/ballclock/clock2.go:22.69,23.41 1 1
github.com/shanemhansen/ballclock/clock2.go:27.2,28.32 2 1
github.com/shanemhansen/ballclock/clock2.go:33.2,33.24 1 1
github.com/shanemhansen/ballclock/clock2.go:36.2,37.12 2 1
github.com/shanemhansen/ballclock/clock2.go:23.41,25.3 1 1
github.com/shanemhansen/ballclock/clock2.go:28.32,30.3 1 0
github.com/shanemhansen/ballclock/clock2.go:33.24,35.3 1 1
github.com/shanemhansen/ballclock/clock3.go:25.42,29.2 3 1
github.com/shanemhansen/ballclock/permutation.go:5.55,6.36 1 1
github.com/shanemhansen/ballclock/permutation.go:9.2,10.32 2 1
github.com/shanemhansen/ballclock/permutation.go:13.2,13.15 1 1
github.com/shanemhansen/ballclock/permutation.go:6.36,8.3 1 0
github.com/shanemhansen/ballclock/permutation.go:10.32,12.3 1 1
github.com/shanemhansen/ballclock/permutation.go:21.43,30.6 8 1
github.com/shanemhansen/ballclock/permutation.go:56.2,56.15 1 1
github.com/shanemhansen/ballclock/permutation.go:30.6,37.19 4 1
github.com/shanemhansen/ballclock/permutation.go:54.3,54.30 1 1
github.com/shanemhansen/ballclock/permutation.go:37.19,40.35 1 1
github.com/shanemhansen/ballclock/permutation.go:51.4,52.19 2 1
github.com/shanemhansen/ballclock/permutation.go:40.35,41.20 1 1
github.com/shanemhansen/ballclock/permutation.go:44.5,48.23 5 1
github.com/shanemhansen/ballclock/permutation.go:41.20,42.14 1 1
github.com/shanemhansen/ballclock/permutation.go:62.35,65.31 3 1
github.com/shanemhansen/ballclock/permutation.go:68.2,68.12 1 1
github.com/shanemhansen/ballclock/permutation.go:65.31,67.3 1 1
github.com/shanemhansen/ballclock/permutation.go:73.24,74.13 1 1
github.com/shanemhansen/ballclock/permutation.go:77.2,77.10 1 1
github.com/shanemhansen/ballclock/permutation.go:74.13,76.3 1 1
github.com/shanemhansen/ballclock/permutation.go:81.24,83.2 1 1
